<?xml version="1.0" encoding="UTF-8"?>
<!-- Generated by org.testng.reporters.JUnitReportReporter -->
<testsuite hostname="DESKTOP-M4KQKAD" failures="0" tests="1" name="com.crm.qa.testcases.LoginPageTest" time="21.136" errors="0" timestamp="2023-06-03T11:12:37 IST" skipped="0">
  <testcase classname="com.crm.qa.testcases.LoginPageTest" name="loginTest" time="21.136"/>
  <system-out/>
</testsuite> <!-- com.crm.qa.testcases.LoginPageTest -->
